time="2023-07-16T17:02:27+05:00" level=info msg=ehaaa func="main.main()" file="app.go:15"
time="2023-07-16T17:33:04+05:00" level=info msg="json: cannot unmarshal number into Go struct field User.password of type string" func="HotelBooking/internal/server.(*handler).signupHandler()" file="server.go:49"
time="2023-07-16T17:51:52+05:00" level=info msg="start server" func="main.main()" file="app.go:19"
time="2023-07-16T17:52:39+05:00" level=info msg="start server" func="main.main()" file="app.go:19"
time="2023-07-16T17:53:17+05:00" level=info msg="start server" func="main.main()" file="app.go:19"
time="2023-07-16T17:53:41+05:00" level=info msg="start server" func="main.main()" file="app.go:19"
time="2023-07-16T17:54:14+05:00" level=info msg="start server" func="main.main()" file="app.go:19"
time="2023-07-16T17:55:08+05:00" level=info msg="start server" func="main.main()" file="app.go:19"
time="2023-07-16T17:55:27+05:00" level=info msg="start server" func="main.main()" file="app.go:19"
time="2023-07-16T17:55:35+05:00" level=info msg="start server" func="main.main()" file="app.go:19"
time="2023-07-16T17:56:05+05:00" level=info msg="start server" func="main.main()" file="app.go:19"
time="2023-07-16T17:56:39+05:00" level=info msg="start server" func="main.main()" file="app.go:19"
time="2023-07-16T17:57:06+05:00" level=info msg="start server" func="main.main()" file="app.go:19"
time="2023-07-16T17:57:39+05:00" level=info msg="json: cannot unmarshal number into Go struct field User.password of type string" func="HotelBooking/internal/server.(*handler).signupHandler()" file="server.go:54"
time="2023-07-16T17:58:36+05:00" level=info msg="start server" func="main.main()" file="app.go:19"
time="2023-07-16T17:58:40+05:00" level=info msg="json: cannot unmarshal number into Go struct field User.password of type string" func="HotelBooking/internal/server.(*handler).signupHandler()" file="server.go:54"
time="2023-07-16T18:00:12+05:00" level=info msg="start server" func="main.main()" file="app.go:19"
time="2023-07-16T18:00:18+05:00" level=info msg="json: cannot unmarshal number into Go struct field User.password of type string" func="HotelBooking/internal/server.(*handler).signupHandler()" file="server.go:54"
time="2023-07-16T18:01:26+05:00" level=info msg="json: cannot unmarshal number into Go struct field User.password of type string" func="HotelBooking/internal/server.(*handler).signupHandler()" file="server.go:54"
time="2023-07-16T18:01:30+05:00" level=info msg="start server" func="main.main()" file="app.go:19"
time="2023-07-16T18:01:36+05:00" level=info msg="json: cannot unmarshal number into Go struct field User.password of type string" func="HotelBooking/internal/server.(*handler).signupHandler()" file="server.go:54"
time="2023-07-16T18:03:10+05:00" level=info msg="start server" func="main.main()" file="app.go:19"
time="2023-07-16T18:03:26+05:00" level=info msg="json: cannot unmarshal number into Go struct field User.password of type string" func="HotelBooking/internal/server.(*handler).signupHandler()" file="server.go:53"
time="2023-07-16T18:03:46+05:00" level=info msg="start server" func="main.main()" file="app.go:19"
time="2023-07-16T18:03:48+05:00" level=info msg="user is register" func="HotelBooking/internal/server.(*handler).signupHandler()" file="server.go:58"
time="2023-07-16T18:05:08+05:00" level=info msg="start server" func="main.main()" file="app.go:19"
time="2023-07-16T18:47:57+05:00" level=info msg="start server" func="main.main()" file="app.go:19"
time="2023-07-16T18:49:35+05:00" level=info msg="start server" func="main.main()" file="app.go:19"
time="2023-07-16T18:49:44+05:00" level=info msg="start server" func="main.main()" file="app.go:19"
time="2023-07-16T18:50:16+05:00" level=info msg="start server" func="main.main()" file="app.go:19"
time="2023-07-16T18:51:54+05:00" level=info msg="start server" func="main.main()" file="app.go:19"
time="2023-07-16T18:53:48+05:00" level=info msg="start server" func="main.main()" file="app.go:19"
time="2023-07-16T18:58:10+05:00" level=info msg="start server" func="main.main()" file="app.go:19"
time="2023-07-16T18:58:14+05:00" level=info msg="start server" func="main.main()" file="app.go:19"
time="2023-07-16T18:58:27+05:00" level=info msg="all is good" func="HotelBooking/internal/models/user.(*User).CorrectData()" file="user.go:35"
time="2023-07-16T19:04:43+05:00" level=info msg="start server" func="main.main()" file="app.go:19"
time="2023-07-16T19:05:14+05:00" level=info msg="sql: no rows in result set" func="HotelBooking/internal/models/user.(*User).CorrectData()" file="user.go:31"
time="2023-07-16T19:21:35+05:00" level=info msg="start server" func="main.main()" file="app.go:19"
time="2023-07-16T19:22:42+05:00" level=info msg="start server" func="main.main()" file="app.go:19"
time="2023-07-16T19:23:43+05:00" level=info msg="start server" func="main.main()" file="app.go:19"
time="2023-07-16T19:29:48+05:00" level=info msg="start server" func="main.main()" file="app.go:19"
time="2023-07-16T20:15:01+05:00" level=info msg="start server" func="main.main()" file="app.go:19"
time="2023-07-16T20:19:26+05:00" level=info msg="start server" func="main.main()" file="app.go:19"
time="2023-07-16T20:20:31+05:00" level=info msg="start server" func="main.main()" file="app.go:19"
time="2023-07-16T20:23:35+05:00" level=info msg="start server" func="main.main()" file="app.go:19"
time="2023-07-16T20:24:35+05:00" level=info msg=hueta func="HotelBooking/internal/server.(*handler).loginHandler()" file="server.go:102"
time="2023-07-16T20:24:36+05:00" level=info msg=hueta func="HotelBooking/internal/server.(*handler).loginHandler()" file="server.go:102"
time="2023-07-16T20:25:39+05:00" level=info msg="start server" func="main.main()" file="app.go:19"
time="2023-07-16T20:25:48+05:00" level=info msg=hueta func="HotelBooking/internal/server.(*handler).loginHandler()" file="server.go:102"
time="2023-07-16T20:33:58+05:00" level=info msg="start server" func="main.main()" file="app.go:19"
time="2023-07-16T20:34:45+05:00" level=info msg=hueta func="HotelBooking/internal/server.(*handler).loginHandler()" file="server.go:102"
time="2023-07-16T20:34:58+05:00" level=info msg=hueta func="HotelBooking/internal/server.(*handler).loginHandler()" file="server.go:102"
time="2023-07-16T20:36:42+05:00" level=info msg="start server" func="main.main()" file="app.go:19"
time="2023-07-16T20:36:46+05:00" level=info msg=hueta func="HotelBooking/internal/server.(*handler).loginHandler()" file="server.go:102"
time="2023-07-16T20:36:52+05:00" level=info msg="sql: no rows in result set" func="HotelBooking/internal/models/user.(*User).CorrectData()" file="user.go:30"
time="2023-07-16T20:36:52+05:00" level=info msg="govno parol" func="HotelBooking/internal/server.(*handler).loginHandler()" file="server.go:82"
time="2023-07-16T20:37:02+05:00" level=info msg=hueta func="HotelBooking/internal/server.(*handler).loginHandler()" file="server.go:102"
time="2023-07-16T20:41:55+05:00" level=info msg="start server" func="main.main()" file="app.go:19"
time="2023-07-16T20:42:08+05:00" level=info msg=hueta func="HotelBooking/internal/server.(*handler).loginHandler()" file="server.go:92"
time="2023-07-16T20:42:53+05:00" level=info msg="start server" func="main.main()" file="app.go:19"
time="2023-07-16T20:43:04+05:00" level=info msg=hueta func="HotelBooking/internal/server.(*handler).loginHandler()" file="server.go:92"
time="2023-07-16T20:46:02+05:00" level=info msg="start server" func="main.main()" file="app.go:19"
time="2023-07-16T20:46:17+05:00" level=info msg=hueta func="HotelBooking/internal/server.(*handler).loginHandler()" file="server.go:96"
time="2023-07-17T00:31:18+05:00" level=info msg="start server" func="main.main()" file="app.go:19"
time="2023-07-17T00:32:36+05:00" level=info msg="start server" func="main.main()" file="app.go:19"
time="2023-07-17T00:32:57+05:00" level=info msg="pq: duplicate key value violates unique constraint \"users_username_key\"" func="HotelBooking/internal/models/user.(*User).SignUp()" file="user.go:19"
time="2023-07-17T00:33:59+05:00" level=info msg="start server" func="main.main()" file="app.go:19"
time="2023-07-17T00:34:48+05:00" level=info msg="start server" func="main.main()" file="app.go:19"
time="2023-07-17T00:35:02+05:00" level=info msg="start server" func="main.main()" file="app.go:19"
time="2023-07-17T00:36:10+05:00" level=info msg="start server" func="main.main()" file="app.go:19"
time="2023-07-17T00:38:07+05:00" level=info msg="start server" func="main.main()" file="app.go:19"
time="2023-07-17T00:38:25+05:00" level=info msg="pq: duplicate key value violates unique constraint \"users_username_key\"" func="HotelBooking/internal/models/user.(*User).SignUp()" file="user.go:19"
time="2023-07-17T00:39:28+05:00" level=info msg="start server" func="main.main()" file="app.go:19"
time="2023-07-17T00:39:51+05:00" level=info msg="pq: duplicate key value violates unique constraint \"users_username_key\"" func="HotelBooking/internal/models/user.(*User).SignUp()" file="user.go:19"
time="2023-07-17T00:41:13+05:00" level=info msg="start server" func="main.main()" file="app.go:19"
time="2023-07-17T15:16:42+05:00" level=info msg="start server" func="main.main()" file="app.go:19"
time="2023-07-17T15:17:47+05:00" level=info msg="start server" func="main.main()" file="app.go:19"
time="2023-07-17T15:18:33+05:00" level=info msg="pq: duplicate key value violates unique constraint \"users_username_key\"" func="HotelBooking/internal/models/user.(*User).SignUp()" file="user.go:19"
time="2023-07-17T15:18:34+05:00" level=info msg="pq: duplicate key value violates unique constraint \"users_username_key\"" func="HotelBooking/internal/models/user.(*User).SignUp()" file="user.go:19"
time="2023-07-17T15:36:55+05:00" level=info msg="start server" func="main.main()" file="app.go:19"
time="2023-07-17T15:37:16+05:00" level=info msg="start server" func="main.main()" file="app.go:19"
time="2023-07-17T15:40:29+05:00" level=info msg="start server" func="main.main()" file="app.go:19"
time="2023-07-17T15:41:22+05:00" level=info msg="start server" func="main.main()" file="app.go:19"
time="2023-07-17T16:10:19+05:00" level=info msg="start server" func="main.main()" file="app.go:19"
time="2023-07-17T16:22:42+05:00" level=info msg="start server" func="main.main()" file="app.go:19"
time="2023-07-17T16:23:30+05:00" level=info msg="start server" func="main.main()" file="app.go:19"
time="2023-07-17T16:52:36+05:00" level=info msg="start server" func="main.main()" file="app.go:19"
time="2023-07-17T17:06:44+05:00" level=info msg="start server" func="main.main()" file="app.go:19"
time="2023-07-17T17:13:13+05:00" level=info msg="start server" func="main.main()" file="app.go:19"
time="2023-07-17T17:14:14+05:00" level=info msg="start server" func="main.main()" file="app.go:19"
time="2023-07-17T17:14:45+05:00" level=info msg="start server" func="main.main()" file="app.go:19"
time="2023-07-17T17:15:04+05:00" level=info msg="sql: no rows in result set" func="HotelBooking/internal/models/user.(*User).CorrectData()" file="user.go:30"
time="2023-07-17T17:31:00+05:00" level=info msg="start server" func="main.main()" file="app.go:19"
time="2023-07-17T17:32:47+05:00" level=info msg="start server" func="main.main()" file="app.go:19"
time="2023-07-17T17:33:23+05:00" level=info msg="start server" func="main.main()" file="app.go:19"
time="2023-07-17T17:36:22+05:00" level=info msg="start server" func="main.main()" file="app.go:19"
time="2023-07-17T17:36:49+05:00" level=info msg="start server" func="main.main()" file="app.go:19"
time="2023-07-17T17:37:02+05:00" level=info msg="start server" func="main.main()" file="app.go:19"
time="2023-07-17T17:44:33+05:00" level=info msg="start server" func="main.main()" file="app.go:19"
time="2023-07-17T17:47:12+05:00" level=info msg="start server" func="main.main()" file="app.go:19"
time="2023-07-17T17:47:41+05:00" level=info msg="start server" func="main.main()" file="app.go:19"
time="2023-07-17T17:47:56+05:00" level=info msg="start server" func="main.main()" file="app.go:19"
time="2023-07-17T20:45:13+05:00" level=info msg="start server" func="main.main()" file="app.go:19"
time="2023-07-17T23:12:44+05:00" level=info msg="start server" func="main.main()" file="app.go:19"
time="2023-07-17T23:51:07+05:00" level=info msg="start server" func="main.main()" file="app.go:19"
time="2023-07-17T23:56:30+05:00" level=info msg="start server" func="main.main()" file="app.go:19"
time="2023-07-18T14:56:04+05:00" level=info msg="start server" func="main.main()" file="app.go:19"
time="2023-07-18T14:58:15+05:00" level=info msg="start server" func="main.main()" file="app.go:19"
time="2023-07-18T14:59:08+05:00" level=info msg="start server" func="main.main()" file="app.go:19"
time="2023-07-18T16:49:33+05:00" level=info msg="start server" func="main.main()" file="app.go:19"
time="2023-07-18T16:50:33+05:00" level=info msg="start server" func="main.main()" file="app.go:19"
time="2023-07-19T13:43:32+05:00" level=info msg="start server" func="main.main()" file="app.go:19"
time="2023-07-19T13:44:47+05:00" level=info msg="start server" func="main.main()" file="app.go:19"
time="2023-07-19T13:46:37+05:00" level=info msg="start server" func="main.main()" file="app.go:19"
time="2023-07-19T13:48:06+05:00" level=info msg="start server" func="main.main()" file="app.go:19"
time="2023-07-19T14:15:30+05:00" level=info msg="start server" func="main.main()" file="app.go:19"
time="2023-07-19T15:39:24+05:00" level=info msg="start server" func="main.main()" file="app.go:19"
time="2023-07-19T15:39:52+05:00" level=info msg="pq: there is no parameter $1" func="HotelBooking/internal/models/search.(*Search).GetResults()" file="search.go:24"
time="2023-07-19T15:40:45+05:00" level=info msg="start server" func="main.main()" file="app.go:19"
time="2023-07-19T18:35:20+05:00" level=info msg="start server" func="main.main()" file="app.go:19"
time="2023-07-19T18:36:08+05:00" level=info msg="start server" func="main.main()" file="app.go:19"
time="2023-07-19T18:37:39+05:00" level=info msg="start server" func="main.main()" file="app.go:19"
time="2023-07-19T18:38:10+05:00" level=info msg="parsing time \"2004-10-13\" as \"2006-01-02T15:04:05Z07:00\": cannot parse \"\" as \"T\"" func="HotelBooking/internal/server.(*handler).correctInfoHandler()" file="server.go:208"
time="2023-07-19T18:41:37+05:00" level=info msg="start server" func="main.main()" file="app.go:19"
time="2023-07-19T18:42:00+05:00" level=info msg="illegal base64 data at input byte 1" func="HotelBooking/internal/server.(*handler).correctInfoHandler()" file="server.go:208"
time="2023-07-19T18:44:24+05:00" level=info msg="start server" func="main.main()" file="app.go:19"
time="2023-07-19T19:09:33+05:00" level=info msg="start server" func="main.main()" file="app.go:19"
time="2023-07-19T19:09:56+05:00" level=info msg="http: no such file" func="HotelBooking/internal/server.(*handler).correctInfoHandler()" file="server.go:202"
time="2023-07-19T19:10:36+05:00" level=info msg="start server" func="main.main()" file="app.go:19"
time="2023-07-19T19:32:51+05:00" level=info msg="start server" func="main.main()" file="app.go:19"
time="2023-07-19T19:58:14+05:00" level=info msg="start server" func="main.main()" file="app.go:19"
time="2023-07-19T19:58:41+05:00" level=info msg="sql: no rows in result set" func="HotelBooking/internal/models/user.(*User).FillProfile()" file="user.go:60"
time="2023-07-19T19:58:41+05:00" level=info msg="pq: could not read file \"/Users/artemlukmanov/GolandProjects/HotelBooking\": Is a directory" func="HotelBooking/internal/models/user.(*User).SignUp()" file="user.go:33"
time="2023-07-19T20:05:06+05:00" level=info msg="start server" func="main.main()" file="app.go:19"
time="2023-07-19T20:05:18+05:00" level=info msg="sql: no rows in result set" func="HotelBooking/internal/models/user.(*User).FillProfile()" file="user.go:62"
time="2023-07-19T20:05:18+05:00" level=info msg="pq: could not read file \"/Users/artemlukmanov/GolandProjects/HotelBooking\": Is a directory" func="HotelBooking/internal/models/user.(*User).AppendDefaultInfo()" file="user.go:35"
time="2023-07-19T20:07:28+05:00" level=info msg="start server" func="main.main()" file="app.go:19"
time="2023-07-19T20:07:41+05:00" level=info msg="sql: no rows in result set" func="HotelBooking/internal/models/user.(*User).FillProfile()" file="user.go:51"
time="2023-07-19T20:10:12+05:00" level=info msg="start server" func="main.main()" file="app.go:19"
time="2023-07-19T20:22:21+05:00" level=info msg="start server" func="main.main()" file="app.go:19"
time="2023-07-19T20:22:44+05:00" level=info msg="pq: there is no parameter $1" func="HotelBooking/internal/models/user.(*User).SignUp()" file="user.go:31"
time="2023-07-19T20:23:26+05:00" level=info msg="start server" func="main.main()" file="app.go:19"
time="2023-07-19T20:23:41+05:00" level=info msg="pq: there is no parameter $1" func="HotelBooking/internal/models/user.(*User).SignUp()" file="user.go:31"
time="2023-07-19T20:24:14+05:00" level=info msg="start server" func="main.main()" file="app.go:19"
time="2023-07-19T20:24:22+05:00" level=info msg="pq: there is no parameter $1" func="HotelBooking/internal/models/user.(*User).SignUp()" file="user.go:31"
time="2023-07-19T20:24:51+05:00" level=info msg="start server" func="main.main()" file="app.go:19"
time="2023-07-19T20:24:59+05:00" level=info msg="pq: there is no parameter $1" func="HotelBooking/internal/models/user.(*User).SignUp()" file="user.go:31"
time="2023-07-19T20:26:03+05:00" level=info msg="start server" func="main.main()" file="app.go:19"
time="2023-07-19T20:26:19+05:00" level=info msg="pq: could not read file \"/Users/artemlukmanov/GolandProjects/HotelBooking\": Is a directory" func="HotelBooking/internal/models/user.(*User).SignUp()" file="user.go:37"
time="2023-07-19T20:30:24+05:00" level=info msg="start server" func="main.main()" file="app.go:19"
time="2023-07-19T20:49:12+05:00" level=info msg="start server" func="main.main()" file="app.go:19"
time="2023-07-19T20:49:26+05:00" level=info msg="sql: Scan error on column index 1, name \"name\": converting NULL to string is unsupported" func="HotelBooking/internal/models/user.(*User).GetInfoAboutUser()" file="user.go:73"
time="2023-07-19T20:51:10+05:00" level=info msg="sql: Scan error on column index 1, name \"name\": converting NULL to string is unsupported" func="HotelBooking/internal/models/user.(*User).GetInfoAboutUser()" file="user.go:73"
time="2023-07-19T20:51:32+05:00" level=info msg="start server" func="main.main()" file="app.go:19"
time="2023-07-19T20:51:41+05:00" level=info msg="sql: Scan error on column index 1, name \"name\": converting NULL to string is unsupported" func="HotelBooking/internal/models/user.(*User).GetInfoAboutUser()" file="user.go:73"
time="2023-07-19T20:57:09+05:00" level=info msg="start server" func="main.main()" file="app.go:19"
time="2023-07-19T20:57:13+05:00" level=info msg="sql: Scan error on column index 1, name \"name\": converting NULL to string is unsupported" func="HotelBooking/internal/models/user.(*User).GetInfoAboutUser()" file="user.go:73"
time="2023-07-19T21:00:34+05:00" level=info msg="start server" func="main.main()" file="app.go:19"
time="2023-07-19T21:09:24+05:00" level=info msg="start server" func="main.main()" file="app.go:19"
time="2023-07-19T21:09:29+05:00" level=info msg="sql: Scan error on column index 1, name \"name\": converting NULL to string is unsupported" func="HotelBooking/internal/models/user.(*User).GetInfoAboutUser()" file="user.go:73"
time="2023-07-19T21:10:24+05:00" level=info msg="start server" func="main.main()" file="app.go:19"
time="2023-07-19T21:10:25+05:00" level=info msg="sql: Scan error on column index 1, name \"name\": converting NULL to string is unsupported" func="HotelBooking/internal/models/user.(*User).GetInfoAboutUser()" file="user.go:73"
time="2023-07-19T21:10:26+05:00" level=info msg="sql: Scan error on column index 1, name \"name\": converting NULL to string is unsupported" func="HotelBooking/internal/models/user.(*User).GetInfoAboutUser()" file="user.go:73"
time="2023-07-19T21:11:09+05:00" level=info msg="start server" func="main.main()" file="app.go:19"
time="2023-07-19T21:11:15+05:00" level=info msg="sql: Scan error on column index 1, name \"name\": converting NULL to string is unsupported" func="HotelBooking/internal/models/user.(*User).GetInfoAboutUser()" file="user.go:73"
time="2023-07-19T21:13:37+05:00" level=info msg="start server" func="main.main()" file="app.go:19"
time="2023-07-19T21:15:39+05:00" level=info msg="start server" func="main.main()" file="app.go:19"
time="2023-07-19T21:17:06+05:00" level=info msg="start server" func="main.main()" file="app.go:19"
time="2023-07-19T21:17:57+05:00" level=info msg="http: no such file" func="HotelBooking/internal/server.(*handler).correctInfoHandler()" file="server.go:219"
time="2023-07-19T21:28:10+05:00" level=info msg="start server" func="main.main()" file="app.go:19"
time="2023-07-19T21:28:38+05:00" level=info msg="sql: no rows in result set" func="HotelBooking/internal/models/user.(*User).CorrectData()" file="user.go:62"
time="2023-07-19T21:28:48+05:00" level=info msg="pq: date/time field value out of range: \"0000-00-00\"" func="HotelBooking/internal/models/user.(*User).SignUp()" file="user.go:51"
time="2023-07-19T21:30:51+05:00" level=info msg="start server" func="main.main()" file="app.go:19"
time="2023-07-19T21:34:00+05:00" level=info msg="start server" func="main.main()" file="app.go:19"
time="2023-07-19T21:34:15+05:00" level=info msg="sql: no rows in result set" func="HotelBooking/internal/models/user.(*User).CorrectData()" file="user.go:62"
time="2023-07-19T21:36:31+05:00" level=info msg="start server" func="main.main()" file="app.go:19"
time="2023-07-19T21:37:48+05:00" level=info msg="start server" func="main.main()" file="app.go:19"
time="2023-07-19T21:38:32+05:00" level=info msg="start server" func="main.main()" file="app.go:19"
time="2023-07-19T21:39:22+05:00" level=info msg="start server" func="main.main()" file="app.go:19"
time="2023-07-19T21:40:09+05:00" level=info msg="start server" func="main.main()" file="app.go:19"
time="2023-07-19T21:41:58+05:00" level=info msg="start server" func="main.main()" file="app.go:19"
time="2023-07-19T21:42:55+05:00" level=info msg="start server" func="main.main()" file="app.go:19"
time="2023-07-19T21:44:01+05:00" level=info msg="start server" func="main.main()" file="app.go:19"
time="2023-07-20T18:40:26+05:00" level=info msg="start server" func="main.main()" file="app.go:19"
time="2023-07-20T19:44:47+05:00" level=info msg="start server" func="main.main()" file="app.go:19"
time="2023-07-20T19:46:05+05:00" level=info msg="start server" func="main.main()" file="app.go:19"
time="2023-07-20T19:46:12+05:00" level=info msg="sql: no rows in result set" func="HotelBooking/internal/models/user.(*User).GetInfoAboutUser()" file="user.go:87"
time="2023-07-20T20:02:09+05:00" level=info msg="start server" func="main.main()" file="app.go:19"
time="2023-07-20T20:22:30+05:00" level=info msg="start server" func="main.main()" file="app.go:19"
time="2023-07-20T20:23:54+05:00" level=info msg="start server" func="main.main()" file="app.go:19"
time="2023-07-20T20:36:21+05:00" level=info msg="start server" func="main.main()" file="app.go:19"
time="2023-07-20T20:38:15+05:00" level=info msg="start server" func="main.main()" file="app.go:19"
time="2023-07-21T21:08:21+05:00" level=info msg="start server" func="main.main()" file="app.go:21"
time="2023-07-21T21:08:21+05:00" level=fatal msg="listen tcp 127.0.0.1:8080: bind: address already in use" func="main.main()" file="app.go:22"
time="2023-07-21T21:08:48+05:00" level=info msg="start server" func="main.main()" file="app.go:21"
time="2023-07-21T22:10:38+05:00" level=info msg="start server" func="main.main()" file="app.go:21"
time="2023-07-21T22:11:15+05:00" level=info msg="start server" func="main.main()" file="app.go:21"
time="2023-07-21T22:19:10+05:00" level=info msg="start server" func="main.main()" file="app.go:21"
time="2023-07-21T22:19:58+05:00" level=info msg="start server" func="main.main()" file="app.go:21"
time="2023-07-21T22:25:26+05:00" level=info msg="start server" func="main.main()" file="app.go:21"
time="2023-07-21T22:26:36+05:00" level=info msg="start server" func="main.main()" file="app.go:21"
time="2023-07-21T22:27:10+05:00" level=info msg="start server" func="main.main()" file="app.go:21"
time="2023-07-21T22:50:19+05:00" level=info msg="start server" func="main.main()" file="app.go:21"
time="2023-07-21T22:51:45+05:00" level=info msg="start server" func="main.main()" file="app.go:21"
time="2023-07-21T22:56:42+05:00" level=info msg="start server" func="main.main()" file="app.go:21"
time="2023-07-21T23:05:10+05:00" level=info msg="start server" func="main.main()" file="app.go:21"
time="2023-07-21T23:06:13+05:00" level=info msg="start server" func="main.main()" file="app.go:21"
time="2023-07-21T23:18:13+05:00" level=info msg="start server" func="main.main()" file="app.go:21"
time="2023-07-21T23:18:44+05:00" level=info msg="start server" func="main.main()" file="app.go:21"
time="2023-07-22T04:47:29+05:00" level=info msg="start server" func="main.main()" file="app.go:21"
time="2023-07-22T04:47:36+05:00" level=info msg="dial tcp 127.0.0.1:5432: connect: connection refused" func="HotelBooking/internal/models/user.(*User).FillProfile()" file="user.go:78"
time="2023-07-22T04:48:14+05:00" level=info msg="dial tcp 127.0.0.1:5432: connect: connection refused" func="HotelBooking/internal/models/user.(*User).FillProfile()" file="user.go:78"
time="2023-07-22T04:48:17+05:00" level=info msg="start server" func="main.main()" file="app.go:21"
time="2023-07-22T04:48:22+05:00" level=info msg="dial tcp 127.0.0.1:5432: connect: connection refused" func="HotelBooking/internal/models/user.(*User).FillProfile()" file="user.go:78"
time="2023-07-22T04:49:48+05:00" level=info msg="dial tcp 127.0.0.1:5432: connect: connection refused" func="HotelBooking/internal/models/user.(*User).CorrectData()" file="user.go:62"
time="2023-07-22T05:38:35+05:00" level=info msg="start server" func="main.main()" file="app.go:21"
time="2023-07-22T05:40:00+05:00" level=info msg="pq: column \"hash_password\" of relation \"users\" does not exist" func="HotelBooking/internal/models/user.(*User).SignUp()" file="user.go:26"
time="2023-07-22T15:10:26+05:00" level=info msg="start server" func="main.main()" file="app.go:21"
time="2023-07-22T15:52:10+05:00" level=info msg="start server" func="main.main()" file="app.go:21"
time="2023-07-22T16:08:55+05:00" level=info msg="start server" func="main.main()" file="app.go:21"
time="2023-07-22T16:11:10+05:00" level=info msg="start server" func="main.main()" file="app.go:21"
time="2023-07-22T16:24:01+05:00" level=info msg="start server" func="main.main()" file="app.go:21"
time="2023-07-22T16:24:28+05:00" level=info msg="json: cannot unmarshal string into Go struct field Booking.peoples of type int" func="HotelBooking/internal/server.(*handler).HotelHandler()" file="server.go:232"
time="2023-07-22T16:25:12+05:00" level=info msg="start server" func="main.main()" file="app.go:21"
time="2023-07-22T16:25:17+05:00" level=info msg="json: cannot unmarshal string into Go struct field Booking.peoples of type int" func="HotelBooking/internal/server.(*handler).HotelHandler()" file="server.go:232"
time="2023-07-22T16:51:32+05:00" level=info msg="start server" func="main.main()" file="app.go:21"
time="2023-07-22T17:46:21+05:00" level=info msg="start server" func="main.main()" file="app.go:21"
time="2023-07-22T17:47:29+05:00" level=info msg="start server" func="main.main()" file="app.go:21"
time="2023-07-22T17:51:47+05:00" level=info msg="start server" func="main.main()" file="app.go:21"
time="2023-07-22T17:52:41+05:00" level=info msg="start server" func="main.main()" file="app.go:21"
time="2023-07-22T17:53:32+05:00" level=info msg="start server" func="main.main()" file="app.go:21"
time="2023-07-22T17:53:34+05:00" level=info msg="sql: no rows in result set" func="HotelBooking/internal/models/search.(*Hotel).FillInfo()" file="search.go:20"
time="2023-07-22T19:19:58+05:00" level=info msg="start server" func="main.main()" file="app.go:21"
time="2023-07-22T19:31:30+05:00" level=info msg="start server" func="main.main()" file="app.go:21"
time="2023-07-22T19:33:32+05:00" level=info msg="start server" func="main.main()" file="app.go:21"
time="2023-07-22T19:34:05+05:00" level=info msg="start server" func="main.main()" file="app.go:21"
time="2023-07-22T19:34:38+05:00" level=info msg="start server" func="main.main()" file="app.go:21"
time="2023-07-22T19:43:08+05:00" level=info msg="start server" func="main.main()" file="app.go:21"
time="2023-07-22T19:43:55+05:00" level=info msg="start server" func="main.main()" file="app.go:21"
time="2023-07-22T19:44:31+05:00" level=info msg="start server" func="main.main()" file="app.go:21"
time="2023-07-22T19:44:46+05:00" level=info msg="start server" func="main.main()" file="app.go:21"
time="2023-07-22T19:46:04+05:00" level=info msg="start server" func="main.main()" file="app.go:21"
time="2023-07-22T19:46:52+05:00" level=info msg="start server" func="main.main()" file="app.go:21"
time="2023-07-22T19:49:47+05:00" level=info msg="start server" func="main.main()" file="app.go:21"
time="2023-07-22T20:03:37+05:00" level=info msg="start server" func="main.main()" file="app.go:21"
time="2023-07-22T20:07:51+05:00" level=info msg="start server" func="main.main()" file="app.go:21"
time="2023-07-22T20:12:11+05:00" level=info msg="start server" func="main.main()" file="app.go:21"
time="2023-07-22T20:17:26+05:00" level=info msg="start server" func="main.main()" file="app.go:21"
time="2023-07-23T16:46:11+05:00" level=info msg="start server" func="main.main()" file="app.go:21"
time="2023-07-23T16:47:15+05:00" level=info msg="start server" func="main.main()" file="app.go:21"
time="2023-07-23T16:48:57+05:00" level=info msg="start server" func="main.main()" file="app.go:21"
time="2023-07-23T17:58:56+05:00" level=info msg="start server" func="main.main()" file="app.go:21"
time="2023-07-23T17:59:41+05:00" level=info msg="start server" func="main.main()" file="app.go:21"
time="2023-07-23T18:00:44+05:00" level=info msg="start server" func="main.main()" file="app.go:21"
time="2023-07-23T18:06:31+05:00" level=info msg="start server" func="main.main()" file="app.go:21"
time="2023-07-25T09:42:30+05:00" level=info msg="start server" func="main.main()" file="app.go:21"
time="2023-07-25T09:42:48+05:00" level=info msg="json: cannot unmarshal string into Go struct field Country.country_id of type int" func="HotelBooking/internal/server.(*handler).appendHotels()" file="server.go:363"
time="2023-07-25T09:43:17+05:00" level=info msg="json: cannot unmarshal string into Go struct field Country.country_id of type int" func="HotelBooking/internal/server.(*handler).appendHotels()" file="server.go:363"
time="2023-07-25T09:43:21+05:00" level=info msg="json: cannot unmarshal string into Go struct field Country.country_id of type int" func="HotelBooking/internal/server.(*handler).appendHotels()" file="server.go:363"
time="2023-07-25T09:43:48+05:00" level=info msg="start server" func="main.main()" file="app.go:21"
time="2023-07-25T09:49:40+05:00" level=info msg="start server" func="main.main()" file="app.go:21"
time="2023-07-25T13:48:26+05:00" level=info msg="start server" func="main.main()" file="app.go:21"
time="2023-07-25T13:49:00+05:00" level=info msg="start server" func="main.main()" file="app.go:21"
time="2023-07-25T13:49:09+05:00" level=info msg="start server" func="main.main()" file="app.go:21"
time="2023-07-25T13:55:34+05:00" level=info msg="start server" func="main.main()" file="app.go:21"
time="2023-07-25T14:26:44+05:00" level=info msg="start server" func="main.main()" file="app.go:21"
time="2023-07-25T14:30:15+05:00" level=info msg="start server" func="main.main()" file="app.go:21"
time="2023-07-25T14:34:26+05:00" level=info msg="start server" func="main.main()" file="app.go:21"
time="2023-07-25T14:35:05+05:00" level=info msg="start server" func="main.main()" file="app.go:21"
time="2023-07-25T17:38:46+05:00" level=info msg="start server" func="main.main()" file="app.go:21"
time="2023-07-25T17:40:08+05:00" level=info msg="start server" func="main.main()" file="app.go:21"
time="2023-07-25T17:40:17+05:00" level=info msg="start server" func="main.main()" file="app.go:21"
time="2023-07-25T17:44:59+05:00" level=info msg="start server" func="main.main()" file="app.go:21"
time="2023-07-25T18:35:29+05:00" level=info msg="start server" func="main.main()" file="app.go:21"
time="2023-07-25T19:01:14+05:00" level=info msg="start server" func="main.main()" file="app.go:21"
time="2023-07-25T19:03:03+05:00" level=info msg="start server" func="main.main()" file="app.go:21"
time="2023-07-25T19:07:56+05:00" level=info msg="start server" func="main.main()" file="app.go:21"
time="2023-07-25T19:08:46+05:00" level=info msg="start server" func="main.main()" file="app.go:21"
